2025-11-17 08:20:16 - Callback: {
    "Body": {
        "stkCallback": {
            "MerchantRequestID": "753b-47a2-8526-51339f4405d4259",
            "CheckoutRequestID": "ws_CO_17112025102002507701018188",
            "ResultCode": 0,
            "ResultDesc": "The service request is processed successfully.",
            "CallbackMetadata": {
                "Item": [
                    {
                        "Name": "Amount",
                        "Value": 1
                    },
                    {
                        "Name": "MpesaReceiptNumber",
                        "Value": "TKH1BABOUQ"
                    },
                    {
                        "Name": "Balance",
                        "Value": 0
                    },
                    {
                        "Name": "TransactionDate",
                        "Value": 20251117102011
                    },
                    {
                        "Name": "PhoneNumber",
                        "Value": 254701018188
                    }
                ]
            }
        }
    }
}
2025-11-17 08:20:16 - Updated 753b-47a2-8526-51339f4405d4259 to Success
2025-11-17 08:22:12 - Callback: {
    "Body": {
        "stkCallback": {
            "MerchantRequestID": "bad6-4de8-9219-948880cab8596111",
            "CheckoutRequestID": "ws_CO_17112025102200165701018188",
            "ResultCode": 0,
            "ResultDesc": "The service request is processed successfully.",
            "CallbackMetadata": {
                "Item": [
                    {
                        "Name": "Amount",
                        "Value": 1
                    },
                    {
                        "Name": "MpesaReceiptNumber",
                        "Value": "TKH1BABLVP"
                    },
                    {
                        "Name": "Balance",
                        "Value": 0
                    },
                    {
                        "Name": "TransactionDate",
                        "Value": 20251117102208
                    },
                    {
                        "Name": "PhoneNumber",
                        "Value": 254701018188
                    }
                ]
            }
        }
    }
}
2025-11-17 08:22:12 - Updated bad6-4de8-9219-948880cab8596111 to Success
2025-11-17 11:44:06 - Callback: {
    "Body": {
        "stkCallback": {
            "MerchantRequestID": "753b-47a2-8526-51339f4405d42600",
            "CheckoutRequestID": "ws_CO_17112025134355634701018188",
            "ResultCode": 0,
            "ResultDesc": "The service request is processed successfully.",
            "CallbackMetadata": {
                "Item": [
                    {
                        "Name": "Amount",
                        "Value": 3
                    },
                    {
                        "Name": "MpesaReceiptNumber",
                        "Value": "TKH1BAC8UP"
                    },
                    {
                        "Name": "Balance"
                    },
                    {
                        "Name": "TransactionDate",
                        "Value": 20251117134402
                    },
                    {
                        "Name": "PhoneNumber",
                        "Value": 254701018188
                    }
                ]
            }
        }
    }
}
2025-11-17 11:44:06 - Updated 753b-47a2-8526-51339f4405d42600 to Success
